<?xml version="1.0" encoding="UTF-8" ?>
<testsuite tests="21" failures="0" name="testRunner.TestRunner" time="11.576" errors="0" skipped="0">
  <properties>
    <property name="java.runtime.name" value="Java(TM) SE Runtime Environment"/>
    <property name="java.vm.version" value="17.0.5+9-LTS-191"/>
    <property name="sun.boot.library.path" value="C:\Program Files\Java\jdk-17.0.5\bin"/>
    <property name="maven.multiModuleProjectDirectory" value="C:\Users\joshi\eclipse-workspace\LMS_API"/>
    <property name="java.vm.vendor" value="Oracle Corporation"/>
    <property name="java.vendor.url" value="https://java.oracle.com/"/>
    <property name="guice.disable.misplaced.annotation.check" value="true"/>
    <property name="path.separator" value=";"/>
    <property name="java.vm.name" value="Java HotSpot(TM) 64-Bit Server VM"/>
    <property name="sun.os.patch.level" value=""/>
    <property name="user.script" value=""/>
    <property name="user.country" value="US"/>
    <property name="sun.java.launcher" value="SUN_STANDARD"/>
    <property name="java.vm.specification.name" value="Java Virtual Machine Specification"/>
    <property name="user.dir" value="C:\Users\joshi\eclipse-workspace\LMS_API"/>
    <property name="java.vm.compressedOopsMode" value="Zero based"/>
    <property name="java.runtime.version" value="17.0.5+9-LTS-191"/>
    <property name="os.arch" value="amd64"/>
    <property name="java.io.tmpdir" value="C:\Users\joshi\AppData\Local\Temp\"/>
    <property name="line.separator" value="
"/>
    <property name="java.vm.specification.vendor" value="Oracle Corporation"/>
    <property name="user.variant" value=""/>
    <property name="os.name" value="Windows 11"/>
    <property name="classworlds.conf" value="C:\Users\joshi\Downloads\apache-maven-3.8.6-bin\apache-maven-3.8.6\bin\m2.conf"/>
    <property name="sun.jnu.encoding" value="Cp1252"/>
    <property name="java.library.path" value="C:\Program Files\Java\jdk-17.0.5\bin;C:\WINDOWS\Sun\Java\bin;C:\WINDOWS\system32;C:\WINDOWS;C:/Program Files/Java/jdk-17.0.5/bin/server;C:/Program Files/Java/jdk-17.0.5/bin;C:\Program Files\Java\jdk-17.0.5\bin;C:\Program Files\Common Files\Oracle\Java\javapath;C:\WINDOWS\system32;C:\WINDOWS;C:\WINDOWS\System32\Wbem;C:\WINDOWS\System32\WindowsPowerShell\v1.0\;C:\WINDOWS\System32\OpenSSH\;C:\Users\joshi\Downloads\apache-maven-3.8.6-bin\apache-maven-3.8.6\bin;C:\Users\joshi\Downloads\allure-commandline-2.10.0\allure-2.10.0\bin;C:\Program Files\Git\cmd;C:\Program Files\apache-maven-3.8.6\bin;C:\Program Files\Git\bin\;C:\Program Files\nodejs\;C:\Users\joshi\AppData\Local\Microsoft\WindowsApps;C:\Users\joshi\AppData\Local\GitHubDesktop\bin;C:\Users\joshi\AppData\Roaming\npm;C:\Users\joshi\OneDrive\Desktop;;."/>
    <property name="maven.conf" value="C:\Users\joshi\Downloads\apache-maven-3.8.6-bin\apache-maven-3.8.6/conf"/>
    <property name="jdk.debug" value="release"/>
    <property name="java.class.version" value="61.0"/>
    <property name="java.specification.name" value="Java Platform API Specification"/>
    <property name="sun.management.compiler" value="HotSpot 64-Bit Tiered Compilers"/>
    <property name="os.version" value="10.0"/>
    <property name="library.jansi.path" value="C:\Users\joshi\Downloads\apache-maven-3.8.6-bin\apache-maven-3.8.6\lib\jansi-native"/>
    <property name="user.home" value="C:\Users\joshi"/>
    <property name="user.timezone" value="America/New_York"/>
    <property name="file.encoding" value="Cp1252"/>
    <property name="java.specification.version" value="17"/>
    <property name="user.name" value="joshi"/>
    <property name="java.class.path" value="C:\Users\joshi\Downloads\apache-maven-3.8.6-bin\apache-maven-3.8.6\boot\plexus-classworlds-2.6.0.jar"/>
    <property name="java.vm.specification.version" value="17"/>
    <property name="sun.arch.data.model" value="64"/>
    <property name="sun.java.command" value="org.codehaus.plexus.classworlds.launcher.Launcher clean test"/>
    <property name="java.home" value="C:\Program Files\Java\jdk-17.0.5"/>
    <property name="user.language" value="en"/>
    <property name="java.specification.vendor" value="Oracle Corporation"/>
    <property name="java.vm.info" value="mixed mode, sharing"/>
    <property name="java.version" value="17.0.5"/>
    <property name="native.encoding" value="Cp1252"/>
    <property name="java.vendor" value="Oracle Corporation"/>
    <property name="sun.stderr.encoding" value="cp437"/>
    <property name="maven.home" value="C:\Users\joshi\Downloads\apache-maven-3.8.6-bin\apache-maven-3.8.6"/>
    <property name="file.separator" value="\"/>
    <property name="java.version.date" value="2022-10-18"/>
    <property name="java.vendor.url.bug" value="https://bugreport.java.com/bugreport/"/>
    <property name="sun.io.unicode.encoding" value="UnicodeLittle"/>
    <property name="sun.cpu.endian" value="little"/>
    <property name="sun.stdout.encoding" value="cp437"/>
    <property name="sun.cpu.isalist" value="amd64"/>
  </properties>
  <testcase classname="Batch Requests" name="Verify can send get request to retrieve all Batch data" time="4.068"/>
  <testcase classname="Batch Requests" name="Cretae new Program for Batch" time="0.801"/>
  <testcase classname="Batch Requests" name="Cretae Batch" time="0.294"/>
  <testcase classname="Batch Requests" name="Cretae duplicate Batch" time="0.263"/>
  <testcase classname="Batch Requests" name="Get Batches By Id" time="0.213"/>
  <testcase classname="Batch Requests" name="Get Batches By Batch Name" time="0.216"/>
  <testcase classname="Batch Requests" name="Get Batches By Program Id" time="0.269"/>
  <testcase classname="Batch Requests" name="Update Batch By Id" time="0.22"/>
  <testcase classname="Batch Requests" name="Delete Batch By Id" time="0.194"/>
  <testcase classname="Batch Requests" name="Delete Batch By already deleted  Id" time="0.201"/>
  <testcase classname="Batch Requests" name="Delete Program by name" time="0.221"/>
  <testcase classname="Program Feature" name="Verify can send get request to retrieve all program data" time="2.211"/>
  <testcase classname="Program Feature" name="Verify can send get request to retrieve all program data" time="0.001"/>
  <testcase classname="Program Feature" name="Verify that user can send post request" time="0.717"/>
  <testcase classname="Program Feature" name="Verify that user can send post request" time="0.259"/>
  <testcase classname="Program Feature" name="Verify that user can send post request" time="0.263"/>
  <testcase classname="Program Feature" name="Verify  can send get request to retrieve single Program dara" time="0.216"/>
  <testcase classname="Program Feature" name="Update By Program Id" time="0.287"/>
  <testcase classname="Program Feature" name="Update By Program Name" time="0.281"/>
  <testcase classname="Program Feature" name="Delete Program By Id" time="0.223"/>
  <testcase classname="Program Feature" name="Delete Program By Name" time="0.158"/>
</testsuite>